This file contains any messages produced by compilers while
running configure, to aid debugging if configure makes a mistake.

It was created by libconfig configure 1.7.2, which was
generated by GNU Autoconf 2.69.  Invocation command line was

  $ ./configure --host aarch64-linux-android --prefix /home/ykb5060/Documents/siislab/videoapp/app/src/cpp/libconfig-1.7.2/build

## --------- ##
## Platform. ##
## --------- ##

hostname = seeker
uname -m = x86_64
uname -r = 4.19.0-11-amd64
uname -s = Linux
uname -v = #1 SMP Debian 4.19.146-1 (2020-09-17)

/usr/bin/uname -p = unknown
/bin/uname -X     = unknown

/bin/arch              = x86_64
/usr/bin/arch -k       = unknown
/usr/convex/getsysinfo = unknown
/usr/bin/hostinfo      = unknown
/bin/machine           = unknown
/usr/bin/oslevel       = unknown
/bin/universe          = unknown

PATH: /usr/local/bin
PATH: /usr/bin
PATH: /bin
PATH: /usr/local/games
PATH: /usr/games
PATH: /snap/bin


## ----------- ##
## Core tests. ##
## ----------- ##

configure:2399: checking build system type
configure:2413: result: x86_64-unknown-linux-gnu
configure:2433: checking host system type
configure:2446: result: aarch64-unknown-linux-android
configure:2466: checking target system type
configure:2479: result: aarch64-unknown-linux-android
configure:2521: checking for a BSD-compatible install
configure:2589: result: /usr/bin/install -c
configure:2600: checking whether build environment is sane
configure:2655: result: yes
configure:2712: checking for aarch64-linux-android-strip
configure:2739: result: /home/ykb5060/Applications/Android/SDK/ndk/21.3.6528147/toolchains/llvm/prebuilt/linux-x86_64/bin/aarch64-linux-android-strip
configure:2804: checking for a thread-safe mkdir -p
configure:2843: result: /usr/bin/mkdir -p
configure:2850: checking for gawk
configure:2866: found /usr/bin/gawk
configure:2877: result: gawk
configure:2888: checking whether make sets $(MAKE)
configure:2910: result: yes
configure:2939: checking whether make supports nested variables
configure:2956: result: yes
configure:3096: checking whether make supports nested variables
configure:3113: result: yes
configure:3125: libconfig - made with pride in Colorado
configure:3148: checking for style of include used by make
configure:3176: result: GNU
configure:3207: checking for aarch64-linux-android-gcc
configure:3234: result: /home/ykb5060/Applications/Android/SDK/ndk/21.3.6528147/toolchains/llvm/prebuilt/linux-x86_64/bin/aarch64-linux-android28-clang
configure:3503: checking for C compiler version
configure:3512: /home/ykb5060/Applications/Android/SDK/ndk/21.3.6528147/toolchains/llvm/prebuilt/linux-x86_64/bin/aarch64-linux-android28-clang --version >&5
Android (6454773 based on r365631c2) clang version 9.0.8 (https://android.googlesource.com/toolchain/llvm-project 98c855489587874b2a325e7a516b99d838599c6f) (based on LLVM 9.0.8svn)
Target: aarch64-unknown-linux-android28
Thread model: posix
InstalledDir: /home/ykb5060/Applications/Android/SDK/ndk/21.3.6528147/toolchains/llvm/prebuilt/linux-x86_64/bin
configure:3523: $? = 0
configure:3512: /home/ykb5060/Applications/Android/SDK/ndk/21.3.6528147/toolchains/llvm/prebuilt/linux-x86_64/bin/aarch64-linux-android28-clang -v >&5
Android (6454773 based on r365631c2) clang version 9.0.8 (https://android.googlesource.com/toolchain/llvm-project 98c855489587874b2a325e7a516b99d838599c6f) (based on LLVM 9.0.8svn)
Target: aarch64-unknown-linux-android28
Thread model: posix
InstalledDir: /home/ykb5060/Applications/Android/SDK/ndk/21.3.6528147/toolchains/llvm/prebuilt/linux-x86_64/bin
Found candidate GCC installation: /home/ykb5060/Applications/Android/SDK/ndk/21.3.6528147/toolchains/llvm/prebuilt/linux-x86_64/bin/../lib/gcc/aarch64-linux-android/4.9.x
Selected GCC installation: /home/ykb5060/Applications/Android/SDK/ndk/21.3.6528147/toolchains/llvm/prebuilt/linux-x86_64/bin/../lib/gcc/aarch64-linux-android/4.9.x
Candidate multilib: .;@m64
Selected multilib: .;@m64
configure:3523: $? = 0
configure:3512: /home/ykb5060/Applications/Android/SDK/ndk/21.3.6528147/toolchains/llvm/prebuilt/linux-x86_64/bin/aarch64-linux-android28-clang -V >&5
clang: error: argument to '-V' is missing (expected 1 value)
clang: error: no input files
configure:3523: $? = 1
configure:3512: /home/ykb5060/Applications/Android/SDK/ndk/21.3.6528147/toolchains/llvm/prebuilt/linux-x86_64/bin/aarch64-linux-android28-clang -qversion >&5
clang: error: unknown argument '-qversion'; did you mean '--version'?
clang: error: no input files
configure:3523: $? = 1
configure:3543: checking whether the C compiler works
configure:3565: /home/ykb5060/Applications/Android/SDK/ndk/21.3.6528147/toolchains/llvm/prebuilt/linux-x86_64/bin/aarch64-linux-android28-clang    conftest.c  >&5
configure:3569: $? = 0
configure:3617: result: yes
configure:3620: checking for C compiler default output file name
configure:3622: result: a.out
configure:3628: checking for suffix of executables
configure:3635: /home/ykb5060/Applications/Android/SDK/ndk/21.3.6528147/toolchains/llvm/prebuilt/linux-x86_64/bin/aarch64-linux-android28-clang -o conftest    conftest.c  >&5
configure:3639: $? = 0
configure:3661: result: 
configure:3683: checking whether we are cross compiling
configure:3691: /home/ykb5060/Applications/Android/SDK/ndk/21.3.6528147/toolchains/llvm/prebuilt/linux-x86_64/bin/aarch64-linux-android28-clang -o conftest    conftest.c  >&5
configure:3695: $? = 0
configure:3702: ./conftest
./configure: line 3704: ./conftest: cannot execute binary file: Exec format error
configure:3706: $? = 126
configure:3694: result: yes
configure:3699: checking for suffix of object files
configure:3721: /home/ykb5060/Applications/Android/SDK/ndk/21.3.6528147/toolchains/llvm/prebuilt/linux-x86_64/bin/aarch64-linux-android28-clang -c   conftest.c >&5
configure:3725: $? = 0
configure:3746: result: o
configure:3750: checking whether we are using the GNU C compiler
configure:3769: /home/ykb5060/Applications/Android/SDK/ndk/21.3.6528147/toolchains/llvm/prebuilt/linux-x86_64/bin/aarch64-linux-android28-clang -c   conftest.c >&5
configure:3769: $? = 0
configure:3778: result: yes
configure:3787: checking whether /home/ykb5060/Applications/Android/SDK/ndk/21.3.6528147/toolchains/llvm/prebuilt/linux-x86_64/bin/aarch64-linux-android28-clang accepts -g
configure:3807: /home/ykb5060/Applications/Android/SDK/ndk/21.3.6528147/toolchains/llvm/prebuilt/linux-x86_64/bin/aarch64-linux-android28-clang -c -g  conftest.c >&5
configure:3807: $? = 0
configure:3848: result: yes
configure:3865: checking for /home/ykb5060/Applications/Android/SDK/ndk/21.3.6528147/toolchains/llvm/prebuilt/linux-x86_64/bin/aarch64-linux-android28-clang option to accept ISO C89
configure:3928: /home/ykb5060/Applications/Android/SDK/ndk/21.3.6528147/toolchains/llvm/prebuilt/linux-x86_64/bin/aarch64-linux-android28-clang  -c -g -O2  conftest.c >&5
configure:3928: $? = 0
configure:3941: result: none needed
configure:3966: checking whether /home/ykb5060/Applications/Android/SDK/ndk/21.3.6528147/toolchains/llvm/prebuilt/linux-x86_64/bin/aarch64-linux-android28-clang understands -c and -o together
configure:3988: /home/ykb5060/Applications/Android/SDK/ndk/21.3.6528147/toolchains/llvm/prebuilt/linux-x86_64/bin/aarch64-linux-android28-clang -c conftest.c -o conftest2.o
configure:3991: $? = 0
configure:3988: /home/ykb5060/Applications/Android/SDK/ndk/21.3.6528147/toolchains/llvm/prebuilt/linux-x86_64/bin/aarch64-linux-android28-clang -c conftest.c -o conftest2.o
configure:3991: $? = 0
configure:4003: result: yes
configure:4022: checking dependency style of /home/ykb5060/Applications/Android/SDK/ndk/21.3.6528147/toolchains/llvm/prebuilt/linux-x86_64/bin/aarch64-linux-android28-clang
configure:4133: result: gcc3
configure:4154: checking how to run the C preprocessor
configure:4185: /home/ykb5060/Applications/Android/SDK/ndk/21.3.6528147/toolchains/llvm/prebuilt/linux-x86_64/bin/aarch64-linux-android28-clang -E  conftest.c
configure:4185: $? = 0
configure:4199: /home/ykb5060/Applications/Android/SDK/ndk/21.3.6528147/toolchains/llvm/prebuilt/linux-x86_64/bin/aarch64-linux-android28-clang -E  conftest.c
conftest.c:12:10: fatal error: 'ac_nonexistent.h' file not found
#include <ac_nonexistent.h>
         ^~~~~~~~~~~~~~~~~~
1 error generated.
configure:4199: $? = 1
configure: failed program was:
| /* confdefs.h */
| #define PACKAGE_NAME "libconfig"
| #define PACKAGE_TARNAME "libconfig"
| #define PACKAGE_VERSION "1.7.2"
| #define PACKAGE_STRING "libconfig 1.7.2"
| #define PACKAGE_BUGREPORT "hyperrealm@gmail.com"
| #define PACKAGE_URL "https://hyperrealm.github.io/libconfig/"
| #define PACKAGE "libconfig"
| #define VERSION "1.7.2"
| #define TARGET "aarch64-unknown-linux-android"
| /* end confdefs.h.  */
| #include <ac_nonexistent.h>
configure:4224: result: /home/ykb5060/Applications/Android/SDK/ndk/21.3.6528147/toolchains/llvm/prebuilt/linux-x86_64/bin/aarch64-linux-android28-clang -E
configure:4244: /home/ykb5060/Applications/Android/SDK/ndk/21.3.6528147/toolchains/llvm/prebuilt/linux-x86_64/bin/aarch64-linux-android28-clang -E  conftest.c
configure:4244: $? = 0
configure:4258: /home/ykb5060/Applications/Android/SDK/ndk/21.3.6528147/toolchains/llvm/prebuilt/linux-x86_64/bin/aarch64-linux-android28-clang -E  conftest.c
conftest.c:12:10: fatal error: 'ac_nonexistent.h' file not found
#include <ac_nonexistent.h>
         ^~~~~~~~~~~~~~~~~~
1 error generated.
configure:4258: $? = 1
configure: failed program was:
| /* confdefs.h */
| #define PACKAGE_NAME "libconfig"
| #define PACKAGE_TARNAME "libconfig"
| #define PACKAGE_VERSION "1.7.2"
| #define PACKAGE_STRING "libconfig 1.7.2"
| #define PACKAGE_BUGREPORT "hyperrealm@gmail.com"
| #define PACKAGE_URL "https://hyperrealm.github.io/libconfig/"
| #define PACKAGE "libconfig"
| #define VERSION "1.7.2"
| #define TARGET "aarch64-unknown-linux-android"
| /* end confdefs.h.  */
| #include <ac_nonexistent.h>
configure:4287: checking for grep that handles long lines and -e
configure:4345: result: /usr/bin/grep
configure:4350: checking for egrep
configure:4412: result: /usr/bin/grep -E
configure:4417: checking for ANSI C header files
configure:4437: /home/ykb5060/Applications/Android/SDK/ndk/21.3.6528147/toolchains/llvm/prebuilt/linux-x86_64/bin/aarch64-linux-android28-clang -c -g -O2  conftest.c >&5
configure:4437: $? = 0
configure:4521: result: yes
configure:4534: checking for sys/types.h
configure:4534: /home/ykb5060/Applications/Android/SDK/ndk/21.3.6528147/toolchains/llvm/prebuilt/linux-x86_64/bin/aarch64-linux-android28-clang -c -g -O2  conftest.c >&5
configure:4534: $? = 0
configure:4534: result: yes
configure:4534: checking for sys/stat.h
configure:4534: /home/ykb5060/Applications/Android/SDK/ndk/21.3.6528147/toolchains/llvm/prebuilt/linux-x86_64/bin/aarch64-linux-android28-clang -c -g -O2  conftest.c >&5
configure:4534: $? = 0
configure:4534: result: yes
configure:4534: checking for stdlib.h
configure:4534: /home/ykb5060/Applications/Android/SDK/ndk/21.3.6528147/toolchains/llvm/prebuilt/linux-x86_64/bin/aarch64-linux-android28-clang -c -g -O2  conftest.c >&5
configure:4534: $? = 0
configure:4534: result: yes
configure:4534: checking for string.h
configure:4534: /home/ykb5060/Applications/Android/SDK/ndk/21.3.6528147/toolchains/llvm/prebuilt/linux-x86_64/bin/aarch64-linux-android28-clang -c -g -O2  conftest.c >&5
configure:4534: $? = 0
configure:4534: result: yes
configure:4534: checking for memory.h
configure:4534: /home/ykb5060/Applications/Android/SDK/ndk/21.3.6528147/toolchains/llvm/prebuilt/linux-x86_64/bin/aarch64-linux-android28-clang -c -g -O2  conftest.c >&5
configure:4534: $? = 0
configure:4534: result: yes
configure:4534: checking for strings.h
configure:4534: /home/ykb5060/Applications/Android/SDK/ndk/21.3.6528147/toolchains/llvm/prebuilt/linux-x86_64/bin/aarch64-linux-android28-clang -c -g -O2  conftest.c >&5
configure:4534: $? = 0
configure:4534: result: yes
configure:4534: checking for inttypes.h
configure:4534: /home/ykb5060/Applications/Android/SDK/ndk/21.3.6528147/toolchains/llvm/prebuilt/linux-x86_64/bin/aarch64-linux-android28-clang -c -g -O2  conftest.c >&5
configure:4534: $? = 0
configure:4534: result: yes
configure:4534: checking for stdint.h
configure:4534: /home/ykb5060/Applications/Android/SDK/ndk/21.3.6528147/toolchains/llvm/prebuilt/linux-x86_64/bin/aarch64-linux-android28-clang -c -g -O2  conftest.c >&5
configure:4534: $? = 0
configure:4534: result: yes
configure:4534: checking for unistd.h
configure:4534: /home/ykb5060/Applications/Android/SDK/ndk/21.3.6528147/toolchains/llvm/prebuilt/linux-x86_64/bin/aarch64-linux-android28-clang -c -g -O2  conftest.c >&5
configure:4534: $? = 0
configure:4534: result: yes
configure:4547: checking minix/config.h usability
configure:4547: /home/ykb5060/Applications/Android/SDK/ndk/21.3.6528147/toolchains/llvm/prebuilt/linux-x86_64/bin/aarch64-linux-android28-clang -c -g -O2  conftest.c >&5
conftest.c:55:10: fatal error: 'minix/config.h' file not found
#include <minix/config.h>
         ^~~~~~~~~~~~~~~~
1 error generated.
configure:4547: $? = 1
configure: failed program was:
| /* confdefs.h */
| #define PACKAGE_NAME "libconfig"
| #define PACKAGE_TARNAME "libconfig"
| #define PACKAGE_VERSION "1.7.2"
| #define PACKAGE_STRING "libconfig 1.7.2"
| #define PACKAGE_BUGREPORT "hyperrealm@gmail.com"
| #define PACKAGE_URL "https://hyperrealm.github.io/libconfig/"
| #define PACKAGE "libconfig"
| #define VERSION "1.7.2"
| #define TARGET "aarch64-unknown-linux-android"
| #define STDC_HEADERS 1
| #define HAVE_SYS_TYPES_H 1
| #define HAVE_SYS_STAT_H 1
| #define HAVE_STDLIB_H 1
| #define HAVE_STRING_H 1
| #define HAVE_MEMORY_H 1
| #define HAVE_STRINGS_H 1
| #define HAVE_INTTYPES_H 1
| #define HAVE_STDINT_H 1
| #define HAVE_UNISTD_H 1
| /* end confdefs.h.  */
| #include <stdio.h>
| #ifdef HAVE_SYS_TYPES_H
| # include <sys/types.h>
| #endif
| #ifdef HAVE_SYS_STAT_H
| # include <sys/stat.h>
| #endif
| #ifdef STDC_HEADERS
| # include <stdlib.h>
| # include <stddef.h>
| #else
| # ifdef HAVE_STDLIB_H
| #  include <stdlib.h>
| # endif
| #endif
| #ifdef HAVE_STRING_H
| # if !defined STDC_HEADERS && defined HAVE_MEMORY_H
| #  include <memory.h>
| # endif
| # include <string.h>
| #endif
| #ifdef HAVE_STRINGS_H
| # include <strings.h>
| #endif
| #ifdef HAVE_INTTYPES_H
| # include <inttypes.h>
| #endif
| #ifdef HAVE_STDINT_H
| # include <stdint.h>
| #endif
| #ifdef HAVE_UNISTD_H
| # include <unistd.h>
| #endif
| #include <minix/config.h>
configure:4547: result: no
configure:4547: checking minix/config.h presence
configure:4547: /home/ykb5060/Applications/Android/SDK/ndk/21.3.6528147/toolchains/llvm/prebuilt/linux-x86_64/bin/aarch64-linux-android28-clang -E  conftest.c
conftest.c:22:10: fatal error: 'minix/config.h' file not found
#include <minix/config.h>
         ^~~~~~~~~~~~~~~~
1 error generated.
configure:4547: $? = 1
configure: failed program was:
| /* confdefs.h */
| #define PACKAGE_NAME "libconfig"
| #define PACKAGE_TARNAME "libconfig"
| #define PACKAGE_VERSION "1.7.2"
| #define PACKAGE_STRING "libconfig 1.7.2"
| #define PACKAGE_BUGREPORT "hyperrealm@gmail.com"
| #define PACKAGE_URL "https://hyperrealm.github.io/libconfig/"
| #define PACKAGE "libconfig"
| #define VERSION "1.7.2"
| #define TARGET "aarch64-unknown-linux-android"
| #define STDC_HEADERS 1
| #define HAVE_SYS_TYPES_H 1
| #define HAVE_SYS_STAT_H 1
| #define HAVE_STDLIB_H 1
| #define HAVE_STRING_H 1
| #define HAVE_MEMORY_H 1
| #define HAVE_STRINGS_H 1
| #define HAVE_INTTYPES_H 1
| #define HAVE_STDINT_H 1
| #define HAVE_UNISTD_H 1
| /* end confdefs.h.  */
| #include <minix/config.h>
configure:4547: result: no
configure:4547: checking for minix/config.h
configure:4547: result: no
configure:4568: checking whether it is safe to define __EXTENSIONS__
configure:4586: /home/ykb5060/Applications/Android/SDK/ndk/21.3.6528147/toolchains/llvm/prebuilt/linux-x86_64/bin/aarch64-linux-android28-clang -c -g -O2  conftest.c >&5
configure:4586: $? = 0
configure:4593: result: yes
configure:4655: checking how to print strings
configure:4682: result: printf
configure:4703: checking for a sed that does not truncate output
configure:4767: result: /usr/bin/sed
configure:4785: checking for fgrep
configure:4847: result: /usr/bin/grep -F
configure:4882: checking for ld used by /home/ykb5060/Applications/Android/SDK/ndk/21.3.6528147/toolchains/llvm/prebuilt/linux-x86_64/bin/aarch64-linux-android28-clang
configure:4949: result: /home/ykb5060/Applications/Android/SDK/ndk/21.3.6528147/toolchains/llvm/prebuilt/linux-x86_64/bin/aarch64-linux-android-ld
configure:4956: checking if the linker (/home/ykb5060/Applications/Android/SDK/ndk/21.3.6528147/toolchains/llvm/prebuilt/linux-x86_64/bin/aarch64-linux-android-ld) is GNU ld
configure:4971: result: yes
configure:4983: checking for BSD- or MS-compatible name lister (nm)
configure:5032: result: no
configure:5046: checking for aarch64-linux-android-dumpbin
configure:5076: result: no
configure:5046: checking for aarch64-linux-android-link
configure:5076: result: no
configure:5090: checking for dumpbin
configure:5120: result: no
configure:5090: checking for link
configure:5106: found /usr/bin/link
configure:5117: result: link -dump
configure:5133: WARNING: using cross tools not prefixed with host triplet
configure:5162: checking the name lister (nm) interface
configure:5169: /home/ykb5060/Applications/Android/SDK/ndk/21.3.6528147/toolchains/llvm/prebuilt/linux-x86_64/bin/aarch64-linux-android28-clang -c -g -O2  conftest.c >&5
configure:5172: nm "conftest.o"
configure:5175: output
0000000000000000 b $d.0
0000000000000000 N $d.1
0000000000000000 N $d.2
0000000000000000 N $d.3
0000000000000000 N $d.4
0000000000000000 n $d.5
0000000000000000 N $d.6
0000000000000000 B some_variable
configure:5176: result: BSD nm
configure:5179: checking whether ln -s works
configure:5183: result: yes
configure:5191: checking the maximum length of command line arguments
configure:5321: result: 1572864
configure:5338: checking whether the shell understands some XSI constructs
configure:5347: result: yes
configure:5351: checking whether the shell understands "+="
configure:5355: result: yes
configure:5390: checking how to convert x86_64-unknown-linux-gnu file names to aarch64-unknown-linux-android format
configure:5430: result: func_convert_file_noop
configure:5437: checking how to convert x86_64-unknown-linux-gnu file names to toolchain format
configure:5457: result: func_convert_file_noop
configure:5464: checking for /home/ykb5060/Applications/Android/SDK/ndk/21.3.6528147/toolchains/llvm/prebuilt/linux-x86_64/bin/aarch64-linux-android-ld option to reload object files
configure:5471: result: -r
configure:5505: checking for aarch64-linux-android-objdump
configure:5535: result: no
configure:5545: checking for objdump
configure:5561: found /usr/bin/objdump
configure:5572: result: objdump
configure:5604: checking how to recognize dependent libraries
configure:5806: result: pass_all
configure:5851: checking for aarch64-linux-android-dlltool
configure:5881: result: no
configure:5891: checking for dlltool
configure:5921: result: no
configure:5951: checking how to associate runtime and link libraries
configure:5978: result: printf %s\n
configure:5994: checking for aarch64-linux-android-ar
configure:6021: result: /home/ykb5060/Applications/Android/SDK/ndk/21.3.6528147/toolchains/llvm/prebuilt/linux-x86_64/bin/aarch64-linux-android-ar
configure:6102: checking for archiver @FILE support
configure:6119: /home/ykb5060/Applications/Android/SDK/ndk/21.3.6528147/toolchains/llvm/prebuilt/linux-x86_64/bin/aarch64-linux-android28-clang -c -g -O2  conftest.c >&5
configure:6119: $? = 0
configure:6122: /home/ykb5060/Applications/Android/SDK/ndk/21.3.6528147/toolchains/llvm/prebuilt/linux-x86_64/bin/aarch64-linux-android-ar cru libconftest.a @conftest.lst >&5
configure:6125: $? = 0
configure:6130: /home/ykb5060/Applications/Android/SDK/ndk/21.3.6528147/toolchains/llvm/prebuilt/linux-x86_64/bin/aarch64-linux-android-ar cru libconftest.a @conftest.lst >&5
/home/ykb5060/Applications/Android/SDK/ndk/21.3.6528147/toolchains/llvm/prebuilt/linux-x86_64/bin/aarch64-linux-android-ar: conftest.o: No such file or directory
configure:6133: $? = 1
configure:6132: result: @
configure:6150: checking for aarch64-linux-android-strip
configure:6177: result: /home/ykb5060/Applications/Android/SDK/ndk/21.3.6528147/toolchains/llvm/prebuilt/linux-x86_64/bin/aarch64-linux-android-strip
configure:6249: checking for aarch64-linux-android-ranlib
configure:6276: result: /home/ykb5060/Applications/Android/SDK/ndk/21.3.6528147/toolchains/llvm/prebuilt/linux-x86_64/bin/aarch64-linux-android-ranlib
configure:6418: checking command to parse nm output from /home/ykb5060/Applications/Android/SDK/ndk/21.3.6528147/toolchains/llvm/prebuilt/linux-x86_64/bin/aarch64-linux-android28-clang object
configure:6538: /home/ykb5060/Applications/Android/SDK/ndk/21.3.6528147/toolchains/llvm/prebuilt/linux-x86_64/bin/aarch64-linux-android28-clang -c -g -O2  conftest.c >&5
configure:6541: $? = 0
configure:6545: nm conftest.o \| sed -n -e 's/^.*[ ]\([ABCDGIRSTW][ABCDGIRSTW]*\)[ ][ ]*\([_A-Za-z][_A-Za-z0-9]*\)$/\1 \2 \2/p' | sed '/ __gnu_lto/d' \> conftest.nm
configure:6548: $? = 0
configure:6614: /home/ykb5060/Applications/Android/SDK/ndk/21.3.6528147/toolchains/llvm/prebuilt/linux-x86_64/bin/aarch64-linux-android28-clang -o conftest -g -O2   conftest.c conftstm.o >&5
configure:6617: $? = 0
configure:6655: result: ok
configure:6692: checking for sysroot
configure:6722: result: no
configure:6938: checking for aarch64-linux-android-mt
configure:6968: result: no
configure:6978: checking for mt
configure:6994: found /usr/bin/mt
configure:7005: result: mt
configure:7028: checking if mt is a manifest tool
configure:7034: mt '-?'
configure:7042: result: no
configure:7681: checking for dlfcn.h
configure:7681: /home/ykb5060/Applications/Android/SDK/ndk/21.3.6528147/toolchains/llvm/prebuilt/linux-x86_64/bin/aarch64-linux-android28-clang -c -g -O2  conftest.c >&5
configure:7681: $? = 0
configure:7681: result: yes
configure:7887: checking for objdir
configure:7902: result: .libs
configure:8173: checking if /home/ykb5060/Applications/Android/SDK/ndk/21.3.6528147/toolchains/llvm/prebuilt/linux-x86_64/bin/aarch64-linux-android28-clang supports -fno-rtti -fno-exceptions
configure:8191: /home/ykb5060/Applications/Android/SDK/ndk/21.3.6528147/toolchains/llvm/prebuilt/linux-x86_64/bin/aarch64-linux-android28-clang -c -g -O2  -fno-rtti -fno-exceptions conftest.c >&5
configure:8195: $? = 0
configure:8208: result: yes
configure:8535: checking for /home/ykb5060/Applications/Android/SDK/ndk/21.3.6528147/toolchains/llvm/prebuilt/linux-x86_64/bin/aarch64-linux-android28-clang option to produce PIC
configure:8542: result: -fPIC -DPIC
configure:8550: checking if /home/ykb5060/Applications/Android/SDK/ndk/21.3.6528147/toolchains/llvm/prebuilt/linux-x86_64/bin/aarch64-linux-android28-clang PIC flag -fPIC -DPIC works
configure:8568: /home/ykb5060/Applications/Android/SDK/ndk/21.3.6528147/toolchains/llvm/prebuilt/linux-x86_64/bin/aarch64-linux-android28-clang -c -g -O2  -fPIC -DPIC -DPIC conftest.c >&5
configure:8572: $? = 0
configure:8585: result: yes
configure:8614: checking if /home/ykb5060/Applications/Android/SDK/ndk/21.3.6528147/toolchains/llvm/prebuilt/linux-x86_64/bin/aarch64-linux-android28-clang static flag -static works
configure:8642: result: yes
configure:8657: checking if /home/ykb5060/Applications/Android/SDK/ndk/21.3.6528147/toolchains/llvm/prebuilt/linux-x86_64/bin/aarch64-linux-android28-clang supports -c -o file.o
configure:8678: /home/ykb5060/Applications/Android/SDK/ndk/21.3.6528147/toolchains/llvm/prebuilt/linux-x86_64/bin/aarch64-linux-android28-clang -c -g -O2  -o out/conftest2.o conftest.c >&5
configure:8682: $? = 0
configure:8704: result: yes
configure:8712: checking if /home/ykb5060/Applications/Android/SDK/ndk/21.3.6528147/toolchains/llvm/prebuilt/linux-x86_64/bin/aarch64-linux-android28-clang supports -c -o file.o
configure:8759: result: yes
configure:8792: checking whether the /home/ykb5060/Applications/Android/SDK/ndk/21.3.6528147/toolchains/llvm/prebuilt/linux-x86_64/bin/aarch64-linux-android28-clang linker (/home/ykb5060/Applications/Android/SDK/ndk/21.3.6528147/toolchains/llvm/prebuilt/linux-x86_64/bin/aarch64-linux-android-ld) supports shared libraries
configure:9945: result: yes
configure:9982: checking whether -lc should be explicitly linked in
configure:9990: /home/ykb5060/Applications/Android/SDK/ndk/21.3.6528147/toolchains/llvm/prebuilt/linux-x86_64/bin/aarch64-linux-android28-clang -c -g -O2  conftest.c >&5
configure:9993: $? = 0
configure:10008: /home/ykb5060/Applications/Android/SDK/ndk/21.3.6528147/toolchains/llvm/prebuilt/linux-x86_64/bin/aarch64-linux-android28-clang -shared  -fPIC -DPIC conftest.o  -v -Wl,-soname -Wl,conftest -o conftest 2\>\&1 \| /usr/bin/grep  -lc  \>/dev/null 2\>\&1
configure:10011: $? = 0
configure:10025: result: no
configure:10185: checking dynamic linker characteristics
configure:10696: /home/ykb5060/Applications/Android/SDK/ndk/21.3.6528147/toolchains/llvm/prebuilt/linux-x86_64/bin/aarch64-linux-android28-clang -o conftest -g -O2   -Wl,-rpath -Wl,/foo conftest.c  >&5
configure:10696: $? = 0
configure:10918: result: GNU/Linux ld.so
configure:11025: checking how to hardcode library paths into programs
configure:11050: result: immediate
configure:11590: checking whether stripping libraries is possible
configure:11595: result: yes
configure:11630: checking if libtool supports shared libraries
configure:11632: result: yes
configure:11635: checking whether to build shared libraries
configure:11656: result: yes
configure:11659: checking whether to build static libraries
configure:11663: result: yes
configure:8719: checking for aarch64-linux-android-gcc
configure:8746: result: /home/ykb5060/Applications/Android/SDK/ndk/21.3.6528147/toolchains/llvm/prebuilt/linux-x86_64/bin/aarch64-linux-android28-clang
configure:9015: checking for C compiler version
configure:9024: /home/ykb5060/Applications/Android/SDK/ndk/21.3.6528147/toolchains/llvm/prebuilt/linux-x86_64/bin/aarch64-linux-android28-clang --version >&5
Android (6454773 based on r365631c2) clang version 9.0.8 (https://android.googlesource.com/toolchain/llvm-project 98c855489587874b2a325e7a516b99d838599c6f) (based on LLVM 9.0.8svn)
Target: aarch64-unknown-linux-android28
Thread model: posix
InstalledDir: /home/ykb5060/Applications/Android/SDK/ndk/21.3.6528147/toolchains/llvm/prebuilt/linux-x86_64/bin
configure:9035: $? = 0
configure:9024: /home/ykb5060/Applications/Android/SDK/ndk/21.3.6528147/toolchains/llvm/prebuilt/linux-x86_64/bin/aarch64-linux-android28-clang -v >&5
Android (6454773 based on r365631c2) clang version 9.0.8 (https://android.googlesource.com/toolchain/llvm-project 98c855489587874b2a325e7a516b99d838599c6f) (based on LLVM 9.0.8svn)
Target: aarch64-unknown-linux-android28
Thread model: posix
InstalledDir: /home/ykb5060/Applications/Android/SDK/ndk/21.3.6528147/toolchains/llvm/prebuilt/linux-x86_64/bin
Found candidate GCC installation: /home/ykb5060/Applications/Android/SDK/ndk/21.3.6528147/toolchains/llvm/prebuilt/linux-x86_64/bin/../lib/gcc/aarch64-linux-android/4.9.x
Selected GCC installation: /home/ykb5060/Applications/Android/SDK/ndk/21.3.6528147/toolchains/llvm/prebuilt/linux-x86_64/bin/../lib/gcc/aarch64-linux-android/4.9.x
Candidate multilib: .;@m64
Selected multilib: .;@m64
configure:9035: $? = 0
configure:9024: /home/ykb5060/Applications/Android/SDK/ndk/21.3.6528147/toolchains/llvm/prebuilt/linux-x86_64/bin/aarch64-linux-android28-clang -V >&5
clang: error: argument to '-V' is missing (expected 1 value)
clang: error: no input files
configure:9035: $? = 1
configure:9024: /home/ykb5060/Applications/Android/SDK/ndk/21.3.6528147/toolchains/llvm/prebuilt/linux-x86_64/bin/aarch64-linux-android28-clang -qversion >&5
clang: error: unknown argument '-qversion'; did you mean '--version'?
clang: error: no input files
configure:9035: $? = 1
configure:9039: checking whether we are using the GNU C compiler
configure:9067: result: yes
configure:9076: checking whether /home/ykb5060/Applications/Android/SDK/ndk/21.3.6528147/toolchains/llvm/prebuilt/linux-x86_64/bin/aarch64-linux-android28-clang accepts -g
configure:9137: result: yes
configure:9154: checking for /home/ykb5060/Applications/Android/SDK/ndk/21.3.6528147/toolchains/llvm/prebuilt/linux-x86_64/bin/aarch64-linux-android28-clang option to accept ISO C89
configure:9230: result: none needed
configure:9255: checking whether /home/ykb5060/Applications/Android/SDK/ndk/21.3.6528147/toolchains/llvm/prebuilt/linux-x86_64/bin/aarch64-linux-android28-clang understands -c and -o together
configure:9292: result: yes
configure:9311: checking dependency style of /home/ykb5060/Applications/Android/SDK/ndk/21.3.6528147/toolchains/llvm/prebuilt/linux-x86_64/bin/aarch64-linux-android28-clang
configure:9422: result: gcc3
configure:9550: checking for C++ compiler version
configure:9559: /home/ykb5060/Applications/Android/SDK/ndk/21.3.6528147/toolchains/llvm/prebuilt/linux-x86_64/bin/aarch64-linux-android28-clang++ --version >&5
Android (6454773 based on r365631c2) clang version 9.0.8 (https://android.googlesource.com/toolchain/llvm-project 98c855489587874b2a325e7a516b99d838599c6f) (based on LLVM 9.0.8svn)
Target: aarch64-unknown-linux-android28
Thread model: posix
InstalledDir: /home/ykb5060/Applications/Android/SDK/ndk/21.3.6528147/toolchains/llvm/prebuilt/linux-x86_64/bin
configure:9570: $? = 0
configure:9559: /home/ykb5060/Applications/Android/SDK/ndk/21.3.6528147/toolchains/llvm/prebuilt/linux-x86_64/bin/aarch64-linux-android28-clang++ -v >&5
Android (6454773 based on r365631c2) clang version 9.0.8 (https://android.googlesource.com/toolchain/llvm-project 98c855489587874b2a325e7a516b99d838599c6f) (based on LLVM 9.0.8svn)
Target: aarch64-unknown-linux-android28
Thread model: posix
InstalledDir: /home/ykb5060/Applications/Android/SDK/ndk/21.3.6528147/toolchains/llvm/prebuilt/linux-x86_64/bin
Found candidate GCC installation: /home/ykb5060/Applications/Android/SDK/ndk/21.3.6528147/toolchains/llvm/prebuilt/linux-x86_64/bin/../lib/gcc/aarch64-linux-android/4.9.x
Selected GCC installation: /home/ykb5060/Applications/Android/SDK/ndk/21.3.6528147/toolchains/llvm/prebuilt/linux-x86_64/bin/../lib/gcc/aarch64-linux-android/4.9.x
Candidate multilib: .;@m64
Selected multilib: .;@m64
configure:9570: $? = 0
configure:9559: /home/ykb5060/Applications/Android/SDK/ndk/21.3.6528147/toolchains/llvm/prebuilt/linux-x86_64/bin/aarch64-linux-android28-clang++ -V >&5
clang++: error: argument to '-V' is missing (expected 1 value)
clang++: error: no input files
configure:9570: $? = 1
configure:9559: /home/ykb5060/Applications/Android/SDK/ndk/21.3.6528147/toolchains/llvm/prebuilt/linux-x86_64/bin/aarch64-linux-android28-clang++ -qversion >&5
clang++: error: unknown argument '-qversion'; did you mean '--version'?
clang++: error: no input files
configure:9570: $? = 1
configure:9574: checking whether we are using the GNU C++ compiler
configure:9593: /home/ykb5060/Applications/Android/SDK/ndk/21.3.6528147/toolchains/llvm/prebuilt/linux-x86_64/bin/aarch64-linux-android28-clang++ -c   conftest.cpp >&5
configure:9593: $? = 0
configure:9602: result: yes
configure:9611: checking whether /home/ykb5060/Applications/Android/SDK/ndk/21.3.6528147/toolchains/llvm/prebuilt/linux-x86_64/bin/aarch64-linux-android28-clang++ accepts -g
configure:9631: /home/ykb5060/Applications/Android/SDK/ndk/21.3.6528147/toolchains/llvm/prebuilt/linux-x86_64/bin/aarch64-linux-android28-clang++ -c -g  conftest.cpp >&5
configure:9631: $? = 0
configure:9672: result: yes
configure:9697: checking dependency style of /home/ykb5060/Applications/Android/SDK/ndk/21.3.6528147/toolchains/llvm/prebuilt/linux-x86_64/bin/aarch64-linux-android28-clang++
configure:9808: result: gcc3
configure:9841: checking how to run the C++ preprocessor
configure:9868: /home/ykb5060/Applications/Android/SDK/ndk/21.3.6528147/toolchains/llvm/prebuilt/linux-x86_64/bin/aarch64-linux-android28-clang++ -E  conftest.cpp
configure:9868: $? = 0
configure:9882: /home/ykb5060/Applications/Android/SDK/ndk/21.3.6528147/toolchains/llvm/prebuilt/linux-x86_64/bin/aarch64-linux-android28-clang++ -E  conftest.cpp
conftest.cpp:29:10: fatal error: 'ac_nonexistent.h' file not found
#include <ac_nonexistent.h>
         ^~~~~~~~~~~~~~~~~~
1 error generated.
configure:9882: $? = 1
configure: failed program was:
| /* confdefs.h */
| #define PACKAGE_NAME "libconfig"
| #define PACKAGE_TARNAME "libconfig"
| #define PACKAGE_VERSION "1.7.2"
| #define PACKAGE_STRING "libconfig 1.7.2"
| #define PACKAGE_BUGREPORT "hyperrealm@gmail.com"
| #define PACKAGE_URL "https://hyperrealm.github.io/libconfig/"
| #define PACKAGE "libconfig"
| #define VERSION "1.7.2"
| #define TARGET "aarch64-unknown-linux-android"
| #define STDC_HEADERS 1
| #define HAVE_SYS_TYPES_H 1
| #define HAVE_SYS_STAT_H 1
| #define HAVE_STDLIB_H 1
| #define HAVE_STRING_H 1
| #define HAVE_MEMORY_H 1
| #define HAVE_STRINGS_H 1
| #define HAVE_INTTYPES_H 1
| #define HAVE_STDINT_H 1
| #define HAVE_UNISTD_H 1
| #define __EXTENSIONS__ 1
| #define _ALL_SOURCE 1
| #define _GNU_SOURCE 1
| #define _POSIX_PTHREAD_SEMANTICS 1
| #define _TANDEM_SOURCE 1
| #define HAVE_DLFCN_H 1
| #define LT_OBJDIR ".libs/"
| /* end confdefs.h.  */
| #include <ac_nonexistent.h>
configure:9907: result: /home/ykb5060/Applications/Android/SDK/ndk/21.3.6528147/toolchains/llvm/prebuilt/linux-x86_64/bin/aarch64-linux-android28-clang++ -E
configure:9927: /home/ykb5060/Applications/Android/SDK/ndk/21.3.6528147/toolchains/llvm/prebuilt/linux-x86_64/bin/aarch64-linux-android28-clang++ -E  conftest.cpp
configure:9927: $? = 0
configure:9941: /home/ykb5060/Applications/Android/SDK/ndk/21.3.6528147/toolchains/llvm/prebuilt/linux-x86_64/bin/aarch64-linux-android28-clang++ -E  conftest.cpp
conftest.cpp:29:10: fatal error: 'ac_nonexistent.h' file not found
#include <ac_nonexistent.h>
         ^~~~~~~~~~~~~~~~~~
1 error generated.
configure:9941: $? = 1
configure: failed program was:
| /* confdefs.h */
| #define PACKAGE_NAME "libconfig"
| #define PACKAGE_TARNAME "libconfig"
| #define PACKAGE_VERSION "1.7.2"
| #define PACKAGE_STRING "libconfig 1.7.2"
| #define PACKAGE_BUGREPORT "hyperrealm@gmail.com"
| #define PACKAGE_URL "https://hyperrealm.github.io/libconfig/"
| #define PACKAGE "libconfig"
| #define VERSION "1.7.2"
| #define TARGET "aarch64-unknown-linux-android"
| #define STDC_HEADERS 1
| #define HAVE_SYS_TYPES_H 1
| #define HAVE_SYS_STAT_H 1
| #define HAVE_STDLIB_H 1
| #define HAVE_STRING_H 1
| #define HAVE_MEMORY_H 1
| #define HAVE_STRINGS_H 1
| #define HAVE_INTTYPES_H 1
| #define HAVE_STDINT_H 1
| #define HAVE_UNISTD_H 1
| #define __EXTENSIONS__ 1
| #define _ALL_SOURCE 1
| #define _GNU_SOURCE 1
| #define _POSIX_PTHREAD_SEMANTICS 1
| #define _TANDEM_SOURCE 1
| #define HAVE_DLFCN_H 1
| #define LT_OBJDIR ".libs/"
| /* end confdefs.h.  */
| #include <ac_nonexistent.h>
configure:10110: checking for ld used by /home/ykb5060/Applications/Android/SDK/ndk/21.3.6528147/toolchains/llvm/prebuilt/linux-x86_64/bin/aarch64-linux-android28-clang++
configure:10177: result: /home/ykb5060/Applications/Android/SDK/ndk/21.3.6528147/toolchains/llvm/prebuilt/linux-x86_64/bin/aarch64-linux-android-ld
configure:10184: checking if the linker (/home/ykb5060/Applications/Android/SDK/ndk/21.3.6528147/toolchains/llvm/prebuilt/linux-x86_64/bin/aarch64-linux-android-ld) is GNU ld
configure:10199: result: yes
configure:10254: checking whether the /home/ykb5060/Applications/Android/SDK/ndk/21.3.6528147/toolchains/llvm/prebuilt/linux-x86_64/bin/aarch64-linux-android28-clang++ linker (/home/ykb5060/Applications/Android/SDK/ndk/21.3.6528147/toolchains/llvm/prebuilt/linux-x86_64/bin/aarch64-linux-android-ld) supports shared libraries
configure:11259: result: yes
configure:11295: /home/ykb5060/Applications/Android/SDK/ndk/21.3.6528147/toolchains/llvm/prebuilt/linux-x86_64/bin/aarch64-linux-android28-clang++ -c -g -O2  conftest.cpp >&5
configure:11298: $? = 0
configure:11818: checking for /home/ykb5060/Applications/Android/SDK/ndk/21.3.6528147/toolchains/llvm/prebuilt/linux-x86_64/bin/aarch64-linux-android28-clang++ option to produce PIC
configure:11825: result: -fPIC -DPIC
configure:11833: checking if /home/ykb5060/Applications/Android/SDK/ndk/21.3.6528147/toolchains/llvm/prebuilt/linux-x86_64/bin/aarch64-linux-android28-clang++ PIC flag -fPIC -DPIC works
configure:11851: /home/ykb5060/Applications/Android/SDK/ndk/21.3.6528147/toolchains/llvm/prebuilt/linux-x86_64/bin/aarch64-linux-android28-clang++ -c -g -O2  -fPIC -DPIC -DPIC conftest.cpp >&5
configure:11855: $? = 0
configure:11868: result: yes
configure:11891: checking if /home/ykb5060/Applications/Android/SDK/ndk/21.3.6528147/toolchains/llvm/prebuilt/linux-x86_64/bin/aarch64-linux-android28-clang++ static flag -static works
configure:11919: result: yes
configure:11931: checking if /home/ykb5060/Applications/Android/SDK/ndk/21.3.6528147/toolchains/llvm/prebuilt/linux-x86_64/bin/aarch64-linux-android28-clang++ supports -c -o file.o
configure:11952: /home/ykb5060/Applications/Android/SDK/ndk/21.3.6528147/toolchains/llvm/prebuilt/linux-x86_64/bin/aarch64-linux-android28-clang++ -c -g -O2  -o out/conftest2.o conftest.cpp >&5
configure:11956: $? = 0
configure:11978: result: yes
configure:11983: checking if /home/ykb5060/Applications/Android/SDK/ndk/21.3.6528147/toolchains/llvm/prebuilt/linux-x86_64/bin/aarch64-linux-android28-clang++ supports -c -o file.o
configure:12030: result: yes
configure:12060: checking whether the /home/ykb5060/Applications/Android/SDK/ndk/21.3.6528147/toolchains/llvm/prebuilt/linux-x86_64/bin/aarch64-linux-android28-clang++ linker (/home/ykb5060/Applications/Android/SDK/ndk/21.3.6528147/toolchains/llvm/prebuilt/linux-x86_64/bin/aarch64-linux-android-ld) supports shared libraries
configure:12096: result: yes
configure:12237: checking dynamic linker characteristics
configure:12904: result: GNU/Linux ld.so
configure:12957: checking how to hardcode library paths into programs
configure:12982: result: immediate
configure:12265: checking for flex
configure:12295: result: no
configure:12265: checking for lex
configure:12295: result: no
configure:12437: checking for bison
configure:12467: result: no
configure:12437: checking for byacc
configure:12467: result: no
configure:12486: checking for compiler switch to enable full C/C++ warnings
configure:12507: result: (cannot determine)
configure:12512: checking for ANSI C header files
configure:12616: result: yes
configure:12627: checking for unistd.h
configure:12627: result: yes
configure:12627: checking for stdint.h
configure:12627: result: yes
configure:12627: checking xlocale.h usability
configure:12627: /home/ykb5060/Applications/Android/SDK/ndk/21.3.6528147/toolchains/llvm/prebuilt/linux-x86_64/bin/aarch64-linux-android28-clang -c -g -O2  conftest.c >&5
configure:12627: $? = 0
configure:12627: result: yes
configure:12627: checking xlocale.h presence
configure:12627: /home/ykb5060/Applications/Android/SDK/ndk/21.3.6528147/toolchains/llvm/prebuilt/linux-x86_64/bin/aarch64-linux-android28-clang -E  conftest.c
configure:12627: $? = 0
configure:12627: result: yes
configure:12627: checking for xlocale.h
configure:12627: result: yes
configure:12638: checking for an ANSI C-conforming const
configure:12704: /home/ykb5060/Applications/Android/SDK/ndk/21.3.6528147/toolchains/llvm/prebuilt/linux-x86_64/bin/aarch64-linux-android28-clang -c -g -O2  conftest.c >&5
configure:12704: $? = 0
configure:12711: result: yes
configure:12724: checking for newlocale
configure:12724: /home/ykb5060/Applications/Android/SDK/ndk/21.3.6528147/toolchains/llvm/prebuilt/linux-x86_64/bin/aarch64-linux-android28-clang -o conftest -g -O2   conftest.c  >&5
configure:12724: $? = 0
configure:12724: result: yes
configure:12724: checking for uselocale
configure:12724: /home/ykb5060/Applications/Android/SDK/ndk/21.3.6528147/toolchains/llvm/prebuilt/linux-x86_64/bin/aarch64-linux-android28-clang -o conftest -g -O2   conftest.c  >&5
configure:12724: $? = 0
configure:12724: result: yes
configure:12724: checking for freelocale
configure:12724: /home/ykb5060/Applications/Android/SDK/ndk/21.3.6528147/toolchains/llvm/prebuilt/linux-x86_64/bin/aarch64-linux-android28-clang -o conftest -g -O2   conftest.c  >&5
configure:12724: $? = 0
configure:12724: result: yes
configure:12898: checking that generated files are newer than configure
configure:12904: result: done
configure:12947: creating ./config.status

## ---------------------- ##
## Running config.status. ##
## ---------------------- ##

This file was extended by libconfig config.status 1.7.2, which was
generated by GNU Autoconf 2.69.  Invocation command line was

  CONFIG_FILES    = 
  CONFIG_HEADERS  = 
  CONFIG_LINKS    = 
  CONFIG_COMMANDS = 
  $ ./config.status 

on seeker

config.status:1182: creating Makefile
config.status:1182: creating lib/Makefile
config.status:1182: creating lib/libconfig.pc
config.status:1182: creating lib/libconfig++.pc
config.status:1182: creating lib/libconfigConfig.cmake
config.status:1182: creating lib/libconfig++Config.cmake
config.status:1182: creating doc/Makefile
config.status:1182: creating examples/Makefile
config.status:1182: creating examples/c/Makefile
config.status:1182: creating examples/c++/Makefile
config.status:1182: creating tinytest/Makefile
config.status:1182: creating tests/Makefile
config.status:1182: creating libconfig.spec
config.status:1182: creating ac_config.h
config.status:1363: ac_config.h is unchanged
config.status:1411: executing depfiles commands
config.status:1411: executing libtool commands

## ---------------- ##
## Cache variables. ##
## ---------------- ##

ac_cv_build=x86_64-unknown-linux-gnu
ac_cv_c_compiler_gnu=yes
ac_cv_c_const=yes
ac_cv_cxx_compiler_gnu=yes
ac_cv_env_CCC_set=
ac_cv_env_CCC_value=
ac_cv_env_CC_set=set
ac_cv_env_CC_value=/home/ykb5060/Applications/Android/SDK/ndk/21.3.6528147/toolchains/llvm/prebuilt/linux-x86_64/bin/aarch64-linux-android28-clang
ac_cv_env_CFLAGS_set=
ac_cv_env_CFLAGS_value=
ac_cv_env_CPPFLAGS_set=
ac_cv_env_CPPFLAGS_value=
ac_cv_env_CPP_set=
ac_cv_env_CPP_value=
ac_cv_env_CXXCPP_set=
ac_cv_env_CXXCPP_value=
ac_cv_env_CXXFLAGS_set=
ac_cv_env_CXXFLAGS_value=
ac_cv_env_CXX_set=set
ac_cv_env_CXX_value=/home/ykb5060/Applications/Android/SDK/ndk/21.3.6528147/toolchains/llvm/prebuilt/linux-x86_64/bin/aarch64-linux-android28-clang++
ac_cv_env_LDFLAGS_set=
ac_cv_env_LDFLAGS_value=
ac_cv_env_LIBS_set=
ac_cv_env_LIBS_value=
ac_cv_env_YACC_set=
ac_cv_env_YACC_value=
ac_cv_env_YFLAGS_set=
ac_cv_env_YFLAGS_value=
ac_cv_env_build_alias_set=
ac_cv_env_build_alias_value=
ac_cv_env_host_alias_set=set
ac_cv_env_host_alias_value=aarch64-linux-android
ac_cv_env_target_alias_set=
ac_cv_env_target_alias_value=
ac_cv_func_freelocale=yes
ac_cv_func_newlocale=yes
ac_cv_func_uselocale=yes
ac_cv_header_dlfcn_h=yes
ac_cv_header_inttypes_h=yes
ac_cv_header_memory_h=yes
ac_cv_header_minix_config_h=no
ac_cv_header_stdc=yes
ac_cv_header_stdint_h=yes
ac_cv_header_stdlib_h=yes
ac_cv_header_string_h=yes
ac_cv_header_strings_h=yes
ac_cv_header_sys_stat_h=yes
ac_cv_header_sys_types_h=yes
ac_cv_header_unistd_h=yes
ac_cv_header_xlocale_h=yes
ac_cv_host=aarch64-unknown-linux-android
ac_cv_objext=o
ac_cv_path_EGREP='/usr/bin/grep -E'
ac_cv_path_FGREP='/usr/bin/grep -F'
ac_cv_path_GREP=/usr/bin/grep
ac_cv_path_SED=/usr/bin/sed
ac_cv_path_install='/usr/bin/install -c'
ac_cv_path_mkdir=/usr/bin/mkdir
ac_cv_prog_AR=/home/ykb5060/Applications/Android/SDK/ndk/21.3.6528147/toolchains/llvm/prebuilt/linux-x86_64/bin/aarch64-linux-android-ar
ac_cv_prog_AWK=gawk
ac_cv_prog_CC=/home/ykb5060/Applications/Android/SDK/ndk/21.3.6528147/toolchains/llvm/prebuilt/linux-x86_64/bin/aarch64-linux-android28-clang
ac_cv_prog_CPP='/home/ykb5060/Applications/Android/SDK/ndk/21.3.6528147/toolchains/llvm/prebuilt/linux-x86_64/bin/aarch64-linux-android28-clang -E'
ac_cv_prog_CXXCPP='/home/ykb5060/Applications/Android/SDK/ndk/21.3.6528147/toolchains/llvm/prebuilt/linux-x86_64/bin/aarch64-linux-android28-clang++ -E'
ac_cv_prog_RANLIB=/home/ykb5060/Applications/Android/SDK/ndk/21.3.6528147/toolchains/llvm/prebuilt/linux-x86_64/bin/aarch64-linux-android-ranlib
ac_cv_prog_STRIP=/home/ykb5060/Applications/Android/SDK/ndk/21.3.6528147/toolchains/llvm/prebuilt/linux-x86_64/bin/aarch64-linux-android-strip
ac_cv_prog_ac_ct_DUMPBIN='link -dump'
ac_cv_prog_ac_ct_MANIFEST_TOOL=mt
ac_cv_prog_ac_ct_OBJDUMP=objdump
ac_cv_prog_cc_c89=
ac_cv_prog_cc_g=yes
ac_cv_prog_cxx_g=yes
ac_cv_prog_make_make_set=yes
ac_cv_safe_to_define___extensions__=yes
ac_cv_target=aarch64-unknown-linux-android
am_cv_CC_dependencies_compiler_type=gcc3
am_cv_CXX_dependencies_compiler_type=gcc3
am_cv_make_support_nested_variables=yes
am_cv_prog_cc_c_o=yes
lt_cv_ar_at_file=@
lt_cv_archive_cmds_need_lc=no
lt_cv_deplibs_check_method=pass_all
lt_cv_file_magic_cmd='$MAGIC_CMD'
lt_cv_file_magic_test_file=
lt_cv_ld_reload_flag=-r
lt_cv_nm_interface='BSD nm'
lt_cv_objdir=.libs
lt_cv_path_LD=/home/ykb5060/Applications/Android/SDK/ndk/21.3.6528147/toolchains/llvm/prebuilt/linux-x86_64/bin/aarch64-linux-android-ld
lt_cv_path_LDCXX=/home/ykb5060/Applications/Android/SDK/ndk/21.3.6528147/toolchains/llvm/prebuilt/linux-x86_64/bin/aarch64-linux-android-ld
lt_cv_path_NM=no
lt_cv_path_mainfest_tool=no
lt_cv_prog_compiler_c_o=yes
lt_cv_prog_compiler_c_o_CXX=yes
lt_cv_prog_compiler_pic='-fPIC -DPIC'
lt_cv_prog_compiler_pic_CXX='-fPIC -DPIC'
lt_cv_prog_compiler_pic_works=yes
lt_cv_prog_compiler_pic_works_CXX=yes
lt_cv_prog_compiler_rtti_exceptions=yes
lt_cv_prog_compiler_static_works=yes
lt_cv_prog_compiler_static_works_CXX=yes
lt_cv_prog_gnu_ld=yes
lt_cv_prog_gnu_ldcxx=yes
lt_cv_sharedlib_from_linklib_cmd='printf %s\n'
lt_cv_shlibpath_overrides_runpath=yes
lt_cv_sys_global_symbol_pipe='sed -n -e '\''s/^.*[	 ]\([ABCDGIRSTW][ABCDGIRSTW]*\)[	 ][	 ]*\([_A-Za-z][_A-Za-z0-9]*\)$/\1 \2 \2/p'\'' | sed '\''/ __gnu_lto/d'\'''
lt_cv_sys_global_symbol_to_c_name_address='sed -n -e '\''s/^: \([^ ]*\)[ ]*$/  {\"\1\", (void *) 0},/p'\'' -e '\''s/^[ABCDGIRSTW]* \([^ ]*\) \([^ ]*\)$/  {"\2", (void *) \&\2},/p'\'''
lt_cv_sys_global_symbol_to_c_name_address_lib_prefix='sed -n -e '\''s/^: \([^ ]*\)[ ]*$/  {\"\1\", (void *) 0},/p'\'' -e '\''s/^[ABCDGIRSTW]* \([^ ]*\) \(lib[^ ]*\)$/  {"\2", (void *) \&\2},/p'\'' -e '\''s/^[ABCDGIRSTW]* \([^ ]*\) \([^ ]*\)$/  {"lib\2", (void *) \&\2},/p'\'''
lt_cv_sys_global_symbol_to_cdecl='sed -n -e '\''s/^T .* \(.*\)$/extern int \1();/p'\'' -e '\''s/^[ABCDGIRSTW]* .* \(.*\)$/extern char \1;/p'\'''
lt_cv_sys_max_cmd_len=1572864
lt_cv_to_host_file_cmd=func_convert_file_noop
lt_cv_to_tool_file_cmd=func_convert_file_noop

## ----------------- ##
## Output variables. ##
## ----------------- ##

ACLOCAL='${SHELL} /home/ykb5060/Documents/siislab/videoapp/app/src/cpp/libconfig-1.7.2/aux-build/missing aclocal-1.15'
AMDEPBACKSLASH='\'
AMDEP_FALSE='#'
AMDEP_TRUE=''
AMTAR='$${TAR-tar}'
AM_BACKSLASH='\'
AM_DEFAULT_V='$(AM_DEFAULT_VERBOSITY)'
AM_DEFAULT_VERBOSITY='0'
AM_V='$(V)'
AR='/home/ykb5060/Applications/Android/SDK/ndk/21.3.6528147/toolchains/llvm/prebuilt/linux-x86_64/bin/aarch64-linux-android-ar'
AS='/home/ykb5060/Applications/Android/SDK/ndk/21.3.6528147/toolchains/llvm/prebuilt/linux-x86_64/bin/aarch64-linux-android-as'
AUTOCONF='${SHELL} /home/ykb5060/Documents/siislab/videoapp/app/src/cpp/libconfig-1.7.2/aux-build/missing autoconf'
AUTOHEADER='${SHELL} /home/ykb5060/Documents/siislab/videoapp/app/src/cpp/libconfig-1.7.2/aux-build/missing autoheader'
AUTOMAKE='${SHELL} /home/ykb5060/Documents/siislab/videoapp/app/src/cpp/libconfig-1.7.2/aux-build/missing automake-1.15'
AWK='gawk'
BUILDCXX_FALSE='#'
BUILDCXX_TRUE=''
BUILDEXAMPLES_FALSE='#'
BUILDEXAMPLES_TRUE=''
CC='/home/ykb5060/Applications/Android/SDK/ndk/21.3.6528147/toolchains/llvm/prebuilt/linux-x86_64/bin/aarch64-linux-android28-clang'
CCDEPMODE='depmode=gcc3'
CFLAGS='-g -O2'
CPP='/home/ykb5060/Applications/Android/SDK/ndk/21.3.6528147/toolchains/llvm/prebuilt/linux-x86_64/bin/aarch64-linux-android28-clang -E'
CPPFLAGS=''
CXX='/home/ykb5060/Applications/Android/SDK/ndk/21.3.6528147/toolchains/llvm/prebuilt/linux-x86_64/bin/aarch64-linux-android28-clang++'
CXXCPP='/home/ykb5060/Applications/Android/SDK/ndk/21.3.6528147/toolchains/llvm/prebuilt/linux-x86_64/bin/aarch64-linux-android28-clang++ -E'
CXXDEPMODE='depmode=gcc3'
CXXFLAGS='-g -O2'
CYGPATH_W='echo'
DEFS='-DHAVE_CONFIG_H'
DEPDIR='.deps'
DLLTOOL='false'
DSYMUTIL=''
DUMPBIN=':'
ECHO_C=''
ECHO_N='-n'
ECHO_T=''
EGREP='/usr/bin/grep -E'
EXEEXT=''
FGREP='/usr/bin/grep -F'
GNU_WIN_FALSE=''
GNU_WIN_TRUE='#'
GREP='/usr/bin/grep'
INSTALL_DATA='${INSTALL} -m 644'
INSTALL_PROGRAM='${INSTALL}'
INSTALL_SCRIPT='${INSTALL}'
INSTALL_STRIP_PROGRAM='$(install_sh) -c -s'
LD='/home/ykb5060/Applications/Android/SDK/ndk/21.3.6528147/toolchains/llvm/prebuilt/linux-x86_64/bin/aarch64-linux-android-ld'
LDFLAGS=''
LEX='${SHELL} /home/ykb5060/Documents/siislab/videoapp/app/src/cpp/libconfig-1.7.2/aux-build/missing flex'
LEXLIB=''
LEX_OUTPUT_ROOT=''
LIBOBJS=''
LIBS=''
LIBTOOL='$(SHELL) $(top_builddir)/libtool'
LIPO=''
LN_S='ln -s'
LTLIBOBJS=''
MAKEINFO='${SHELL} /home/ykb5060/Documents/siislab/videoapp/app/src/cpp/libconfig-1.7.2/aux-build/missing makeinfo'
MANIFEST_TOOL=':'
MKDIR_P='/usr/bin/mkdir -p'
NM='nm'
NMEDIT=''
OBJDUMP='objdump'
OBJEXT='o'
OTOOL64=''
OTOOL=''
PACKAGE='libconfig'
PACKAGE_BUGREPORT='hyperrealm@gmail.com'
PACKAGE_NAME='libconfig'
PACKAGE_STRING='libconfig 1.7.2'
PACKAGE_TARNAME='libconfig'
PACKAGE_URL='https://hyperrealm.github.io/libconfig/'
PACKAGE_VERSION='1.7.2'
PATH_SEPARATOR=':'
RANLIB='/home/ykb5060/Applications/Android/SDK/ndk/21.3.6528147/toolchains/llvm/prebuilt/linux-x86_64/bin/aarch64-linux-android-ranlib'
SED='/usr/bin/sed'
SET_MAKE=''
SHELL='/bin/bash'
STRIP='/home/ykb5060/Applications/Android/SDK/ndk/21.3.6528147/toolchains/llvm/prebuilt/linux-x86_64/bin/aarch64-linux-android-strip'
VERSION='1.7.2'
YACC='yacc'
YFLAGS=''
ac_ct_AR=''
ac_ct_CC=''
ac_ct_CXX=''
ac_ct_DUMPBIN='link -dump'
am__EXEEXT_FALSE=''
am__EXEEXT_TRUE='#'
am__fastdepCC_FALSE='#'
am__fastdepCC_TRUE=''
am__fastdepCXX_FALSE='#'
am__fastdepCXX_TRUE=''
am__include='include'
am__isrc=''
am__leading_dot='.'
am__nodep='_no'
am__quote=''
am__tar='$${TAR-tar} chof - "$$tardir"'
am__untar='$${TAR-tar} xf -'
bindir='${exec_prefix}/bin'
build='x86_64-unknown-linux-gnu'
build_alias=''
build_cpu='x86_64'
build_os='linux-gnu'
build_vendor='unknown'
datadir='${datarootdir}'
datarootdir='${prefix}/share'
docdir='${datarootdir}/doc/${PACKAGE_TARNAME}'
dvidir='${docdir}'
exec_prefix='${prefix}'
host='aarch64-unknown-linux-android'
host_alias='aarch64-linux-android'
host_cpu='aarch64'
host_os='linux-android'
host_vendor='unknown'
htmldir='${docdir}'
includedir='${prefix}/include'
infodir='${datarootdir}/info'
install_sh='${SHELL} /home/ykb5060/Documents/siislab/videoapp/app/src/cpp/libconfig-1.7.2/aux-build/install-sh'
libdir='${exec_prefix}/lib'
libexecdir='${exec_prefix}/libexec'
localedir='${datarootdir}/locale'
localstatedir='${prefix}/var'
mandir='${datarootdir}/man'
mkdir_p='$(MKDIR_P)'
oldincludedir='/usr/include'
pdfdir='${docdir}'
prefix='/home/ykb5060/Documents/siislab/videoapp/app/src/cpp/libconfig-1.7.2/build'
program_transform_name='s,x,x,'
psdir='${docdir}'
sbindir='${exec_prefix}/sbin'
sharedstatedir='${prefix}/com'
sysconfdir='${prefix}/etc'
target='aarch64-unknown-linux-android'
target_alias=''
target_cpu='aarch64'
target_os='linux-android'
target_vendor='unknown'

## ----------- ##
## confdefs.h. ##
## ----------- ##

/* confdefs.h */
#define PACKAGE_NAME "libconfig"
#define PACKAGE_TARNAME "libconfig"
#define PACKAGE_VERSION "1.7.2"
#define PACKAGE_STRING "libconfig 1.7.2"
#define PACKAGE_BUGREPORT "hyperrealm@gmail.com"
#define PACKAGE_URL "https://hyperrealm.github.io/libconfig/"
#define PACKAGE "libconfig"
#define VERSION "1.7.2"
#define TARGET "aarch64-unknown-linux-android"
#define STDC_HEADERS 1
#define HAVE_SYS_TYPES_H 1
#define HAVE_SYS_STAT_H 1
#define HAVE_STDLIB_H 1
#define HAVE_STRING_H 1
#define HAVE_MEMORY_H 1
#define HAVE_STRINGS_H 1
#define HAVE_INTTYPES_H 1
#define HAVE_STDINT_H 1
#define HAVE_UNISTD_H 1
#define __EXTENSIONS__ 1
#define _ALL_SOURCE 1
#define _GNU_SOURCE 1
#define _POSIX_PTHREAD_SEMANTICS 1
#define _TANDEM_SOURCE 1
#define HAVE_DLFCN_H 1
#define LT_OBJDIR ".libs/"
#define STDC_HEADERS 1
#define HAVE_UNISTD_H 1
#define HAVE_STDINT_H 1
#define HAVE_XLOCALE_H 1
#define HAVE_NEWLOCALE 1
#define HAVE_USELOCALE 1
#define HAVE_FREELOCALE 1

configure: exit 0
